2026-01-29T10:01:53 | touched: README.md
2025-09-19T18:23:30 | touched: README.md
2026-01-26T04:40:45 | touched: LICENSE
2026-01-29T14:28:28 | touched: hardhat.config.js
2026-01-19T15:18:05 | touched: README.md
2025-07-31T18:39:21 | touched: test/Crawlerscan.test.js
2026-02-06T09:09:47 | touched: README.md
2026-01-30T13:11:26 | touched: LICENSE
2026-01-03T11:35:13 | touched: contracts/Crawlerscan.sol
2026-01-07T09:53:19 | touched: test/Crawlerscan.test.js
2025-03-26T11:09:29 | touched: package.json
2026-02-02T17:38:48 | touched: contracts/Crawlerscan.sol
2026-02-05T08:01:07 | touched: package.json
2024-04-07T12:18:04 | touched: scripts/deploy.js
2025-10-04T21:22:14 | touched: .env.example
2025-07-21T00:12:13 | touched: package.json
2025-05-11T17:01:43 | touched: .env.example
2025-03-28T08:23:40 | touched: contracts/Crawlerscan.sol
2025-11-11T19:12:49 | touched: contracts/Crawlerscan.sol
2025-01-07T06:54:16 | touched: scripts/deploy.js
2025-05-16T02:23:55 | touched: package.json
2025-07-28T22:26:06 | touched: contracts/Crawlerscan.sol
2025-12-13T05:09:38 | touched: README.md
2025-04-15T08:51:32 | touched: README.md
2025-02-12T15:49:59 | touched: README.md
